[ 2018-07-22T22:13:37+08:00 ] 222.67.25.156 /1001TestPage184
INFO: [ app_init ] --START--
INFO: Run Behavior\BuildLiteBehavior [ RunTime:0.000010s ]
INFO: [ app_init ] --END-- [ RunTime:0.002276s ]
NOTIC: [8] Undefined variable: dirs /home/www/Application/Common/Conf/rewrite.php 第 14 行.
NOTIC: [8] Undefined variable: dirs /home/www/Application/Common/Conf/rewrite.php 第 14 行.
ERR: 无法加载模块:1001TestPage184

[ 2018-07-22T22:13:37+08:00 ] 222.67.25.156 /1001TestPage184
INFO: [ app_init ] --START--
INFO: Run Behavior\BuildLiteBehavior [ RunTime:0.000011s ]
INFO: [ app_init ] --END-- [ RunTime:0.000265s ]
NOTIC: [8] Undefined variable: dirs /home/www/Application/Common/Conf/rewrite.php 第 14 行.
NOTIC: [8] Undefined variable: dirs /home/www/Application/Common/Conf/rewrite.php 第 14 行.
ERR: 无法加载模块:1001TestPage184

[ 2018-07-22T22:13:37+08:00 ] 222.67.25.156 /1001TestPage184
INFO: [ app_init ] --START--
INFO: Run Behavior\BuildLiteBehavior [ RunTime:0.000006s ]
INFO: [ app_init ] --END-- [ RunTime:0.001268s ]
NOTIC: [8] Undefined variable: dirs /home/www/Application/Common/Conf/rewrite.php 第 14 行.
NOTIC: [8] Undefined variable: dirs /home/www/Application/Common/Conf/rewrite.php 第 14 行.
ERR: 无法加载模块:1001TestPage184

[ 2018-07-22T22:13:37+08:00 ] 222.67.25.156 /1001TestPage184
INFO: [ app_init ] --START--
INFO: Run Behavior\BuildLiteBehavior [ RunTime:0.000008s ]
INFO: [ app_init ] --END-- [ RunTime:0.000231s ]
NOTIC: [8] Undefined variable: dirs /home/www/Application/Common/Conf/rewrite.php 第 14 行.
NOTIC: [8] Undefined variable: dirs /home/www/Application/Common/Conf/rewrite.php 第 14 行.
ERR: 无法加载模块:1001TestPage184

